[2026-02-17 13-02-08] LogicException: Tracy cannot display the Bar because the Content-Length header is being sent in C:\xampp\htdocs\suivi_des_collectes\vendor\tracy\tracy\src\Tracy\Bar\Bar.php:88  @  http://localhost:8000/accueil  @@  exception--2026-02-17--13-02--3db9d58c7f.html
[2026-02-17 13-02-11] LogicException: Tracy cannot display the Bar because the Content-Length header is being sent in C:\xampp\htdocs\suivi_des_collectes\vendor\tracy\tracy\src\Tracy\Bar\Bar.php:88  @  http://localhost:8000/reinitialiser  @@  exception--2026-02-17--13-02--3db9d58c7f.html
[2026-02-17 13-05-32] LogicException: Tracy cannot display the Bar because the Content-Length header is being sent in C:\xampp\htdocs\suivi_des_collectes\vendor\tracy\tracy\src\Tracy\Bar\Bar.php:88  @  http://localhost:8000/accueil  @@  exception--2026-02-17--13-02--3db9d58c7f.html
[2026-02-17 13-05-35] LogicException: Tracy cannot display the Bar because the Content-Length header is being sent in C:\xampp\htdocs\suivi_des_collectes\vendor\tracy\tracy\src\Tracy\Bar\Bar.php:88  @  http://localhost:8000/accueil  @@  exception--2026-02-17--13-02--3db9d58c7f.html
[2026-02-17 13-05-38] LogicException: Tracy cannot display the Bar because the Content-Length header is being sent in C:\xampp\htdocs\suivi_des_collectes\vendor\tracy\tracy\src\Tracy\Bar\Bar.php:88  @  http://localhost:8000/reinitialiser  @@  exception--2026-02-17--13-02--3db9d58c7f.html
[2026-02-17 13-06-01] LogicException: Tracy cannot display the Bar because the Content-Length header is being sent in C:\xampp\htdocs\suivi_des_collectes\vendor\tracy\tracy\src\Tracy\Bar\Bar.php:88  @  http://localhost:8000/recap  @@  exception--2026-02-17--13-02--3db9d58c7f.html
[2026-02-17 13-06-05] LogicException: Tracy cannot display the Bar because the Content-Length header is being sent in C:\xampp\htdocs\suivi_des_collectes\vendor\tracy\tracy\src\Tracy\Bar\Bar.php:88  @  http://localhost:8000/reinitialiser  @@  exception--2026-02-17--13-02--3db9d58c7f.html
[2026-02-17 13-06-44] LogicException: Tracy cannot display the Bar because the Content-Length header is being sent in C:\xampp\htdocs\suivi_des_collectes\vendor\tracy\tracy\src\Tracy\Bar\Bar.php:88  @  http://localhost:8000/recap  @@  exception--2026-02-17--13-02--3db9d58c7f.html
[2026-02-17 13-06-44] LogicException: Tracy cannot display the Bar because the Content-Length header is being sent in C:\xampp\htdocs\suivi_des_collectes\vendor\tracy\tracy\src\Tracy\Bar\Bar.php:88  @  http://localhost:8000/recap  @@  exception--2026-02-17--13-02--3db9d58c7f.html
[2026-02-17 13-06-46] LogicException: Tracy cannot display the Bar because the Content-Length header is being sent in C:\xampp\htdocs\suivi_des_collectes\vendor\tracy\tracy\src\Tracy\Bar\Bar.php:88  @  http://localhost:8000/reinitialiser  @@  exception--2026-02-17--13-02--3db9d58c7f.html
[2026-02-17 13-07-43] LogicException: Tracy cannot display the Bar because the Content-Length header is being sent in C:\xampp\htdocs\suivi_des_collectes\vendor\tracy\tracy\src\Tracy\Bar\Bar.php:88  @  http://localhost:8000/recap  @@  exception--2026-02-17--13-02--3db9d58c7f.html
[2026-02-17 13-07-43] LogicException: Tracy cannot display the Bar because the Content-Length header is being sent in C:\xampp\htdocs\suivi_des_collectes\vendor\tracy\tracy\src\Tracy\Bar\Bar.php:88  @  http://localhost:8000/recap  @@  exception--2026-02-17--13-02--3db9d58c7f.html
[2026-02-17 13-07-46] LogicException: Tracy cannot display the Bar because the Content-Length header is being sent in C:\xampp\htdocs\suivi_des_collectes\vendor\tracy\tracy\src\Tracy\Bar\Bar.php:88  @  http://localhost:8000/accueil  @@  exception--2026-02-17--13-02--3db9d58c7f.html
[2026-02-17 13-08-44] LogicException: Tracy cannot display the Bar because the Content-Length header is being sent in C:\xampp\htdocs\suivi_des_collectes\vendor\tracy\tracy\src\Tracy\Bar\Bar.php:88  @  http://localhost:8000/accueil  @@  exception--2026-02-17--13-02--3db9d58c7f.html
[2026-02-17 13-08-49] LogicException: Tracy cannot display the Bar because the Content-Length header is being sent in C:\xampp\htdocs\suivi_des_collectes\vendor\tracy\tracy\src\Tracy\Bar\Bar.php:88  @  http://localhost:8000/accueil  @@  exception--2026-02-17--13-02--3db9d58c7f.html
[2026-02-17 13-08-56] LogicException: Tracy cannot display the Bar because the Content-Length header is being sent in C:\xampp\htdocs\suivi_des_collectes\vendor\tracy\tracy\src\Tracy\Bar\Bar.php:88  @  http://localhost:8000/recap  @@  exception--2026-02-17--13-02--3db9d58c7f.html
[2026-02-17 13-09-07] LogicException: Tracy cannot display the Bar because the Content-Length header is being sent in C:\xampp\htdocs\suivi_des_collectes\vendor\tracy\tracy\src\Tracy\Bar\Bar.php:88  @  http://localhost:8000/accueil  @@  exception--2026-02-17--13-02--3db9d58c7f.html
[2026-02-17 13-12-22] LogicException: Tracy cannot display the Bar because the Content-Length header is being sent in C:\xampp\htdocs\suivi_des_collectes\vendor\tracy\tracy\src\Tracy\Bar\Bar.php:88  @  http://localhost:8000/achats?ville=10  @@  exception--2026-02-17--13-02--3db9d58c7f.html
[2026-02-17 13-12-32] LogicException: Tracy cannot display the Bar because the Content-Length header is being sent in C:\xampp\htdocs\suivi_des_collectes\vendor\tracy\tracy\src\Tracy\Bar\Bar.php:88  @  http://localhost:8000/login  @@  exception--2026-02-17--13-02--3db9d58c7f.html
[2026-02-17 13-12-40] LogicException: Tracy cannot display the Bar because the Content-Length header is being sent in C:\xampp\htdocs\suivi_des_collectes\vendor\tracy\tracy\src\Tracy\Bar\Bar.php:88  @  http://localhost:8000/register  @@  exception--2026-02-17--13-02--3db9d58c7f.html
[2026-02-17 13-12-41] LogicException: Tracy cannot display the Bar because the Content-Length header is being sent in C:\xampp\htdocs\suivi_des_collectes\vendor\tracy\tracy\src\Tracy\Bar\Bar.php:88  @  http://localhost:8000/login  @@  exception--2026-02-17--13-02--3db9d58c7f.html
[2026-02-17 13-15-17] LogicException: Tracy cannot display the Bar because the Content-Length header is being sent in C:\xampp\htdocs\suivi_des_collectes\vendor\tracy\tracy\src\Tracy\Bar\Bar.php:88  @  http://localhost:8000/login  @@  exception--2026-02-17--13-02--3db9d58c7f.html
[2026-02-17 13-26-31] LogicException: Tracy cannot display the Bar because the Content-Length header is being sent in C:\xampp\htdocs\suivi_des_collectes\vendor\tracy\tracy\src\Tracy\Bar\Bar.php:88  @  http://localhost:8000/login  @@  exception--2026-02-17--13-02--3db9d58c7f.html
[2026-02-17 13-26-35] LogicException: Tracy cannot display the Bar because the Content-Length header is being sent in C:\xampp\htdocs\suivi_des_collectes\vendor\tracy\tracy\src\Tracy\Bar\Bar.php:88  @  http://localhost:8000/register  @@  exception--2026-02-17--13-02--3db9d58c7f.html
[2026-02-17 13-26-50] LogicException: Tracy cannot display the Bar because the Content-Length header is being sent in C:\xampp\htdocs\suivi_des_collectes\vendor\tracy\tracy\src\Tracy\Bar\Bar.php:88  @  http://localhost:8000/register  @@  exception--2026-02-17--13-02--3db9d58c7f.html
[2026-02-17 13-27-06] LogicException: Tracy cannot display the Bar because the Content-Length header is being sent in C:\xampp\htdocs\suivi_des_collectes\vendor\tracy\tracy\src\Tracy\Bar\Bar.php:88  @  http://localhost:8000/register  @@  exception--2026-02-17--13-02--3db9d58c7f.html
[2026-02-17 13-27-08] LogicException: Tracy cannot display the Bar because the Content-Length header is being sent in C:\xampp\htdocs\suivi_des_collectes\vendor\tracy\tracy\src\Tracy\Bar\Bar.php:88  @  http://localhost:8000/login  @@  exception--2026-02-17--13-02--3db9d58c7f.html
[2026-02-17 13-27-19] LogicException: Tracy cannot display the Bar because the Content-Length header is being sent in C:\xampp\htdocs\suivi_des_collectes\vendor\tracy\tracy\src\Tracy\Bar\Bar.php:88  @  http://localhost:8000/accueil  @@  exception--2026-02-17--13-02--3db9d58c7f.html
[2026-02-17 13-27-36] LogicException: Tracy cannot display the Bar because the Content-Length header is being sent in C:\xampp\htdocs\suivi_des_collectes\vendor\tracy\tracy\src\Tracy\Bar\Bar.php:88  @  http://localhost:8000/reinitialiser  @@  exception--2026-02-17--13-02--3db9d58c7f.html
[2026-02-17 13-28-50] LogicException: Tracy cannot display the Bar because the Content-Length header is being sent in C:\xampp\htdocs\suivi_des_collectes\vendor\tracy\tracy\src\Tracy\Bar\Bar.php:88  @  http://localhost:8000/accueil  @@  exception--2026-02-17--13-02--3db9d58c7f.html
[2026-02-17 13-29-14] LogicException: Tracy cannot display the Bar because the Content-Length header is being sent in C:\xampp\htdocs\suivi_des_collectes\vendor\tracy\tracy\src\Tracy\Bar\Bar.php:88  @  http://localhost:8000/recap  @@  exception--2026-02-17--13-02--3db9d58c7f.html
[2026-02-17 13-29-24] LogicException: Tracy cannot display the Bar because the Content-Length header is being sent in C:\xampp\htdocs\suivi_des_collectes\vendor\tracy\tracy\src\Tracy\Bar\Bar.php:88  @  http://localhost:8000/admin/localites  @@  exception--2026-02-17--13-02--3db9d58c7f.html
[2026-02-17 13-29-38] LogicException: Tracy cannot display the Bar because the Content-Length header is being sent in C:\xampp\htdocs\suivi_des_collectes\vendor\tracy\tracy\src\Tracy\Bar\Bar.php:88  @  http://localhost:8000/besoins  @@  exception--2026-02-17--13-02--3db9d58c7f.html
[2026-02-17 13-29-40] LogicException: Tracy cannot display the Bar because the Content-Length header is being sent in C:\xampp\htdocs\suivi_des_collectes\vendor\tracy\tracy\src\Tracy\Bar\Bar.php:88  @  http://localhost:8000/achats  @@  exception--2026-02-17--13-02--3db9d58c7f.html
[2026-02-17 13-29-42] LogicException: Tracy cannot display the Bar because the Content-Length header is being sent in C:\xampp\htdocs\suivi_des_collectes\vendor\tracy\tracy\src\Tracy\Bar\Bar.php:88  @  http://localhost:8000/vendre  @@  exception--2026-02-17--13-02--3db9d58c7f.html
[2026-02-17 13-50-55] LogicException: Tracy cannot display the Bar because the Content-Length header is being sent in C:\xampp\htdocs\suivi_des_collectes\vendor\tracy\tracy\src\Tracy\Bar\Bar.php:88  @  http://localhost:8000/vendre  @@  exception--2026-02-17--13-02--3db9d58c7f.html
[2026-02-17 13-52-56] LogicException: Tracy cannot display the Bar because the Content-Length header is being sent in C:\xampp\htdocs\suivi_des_collectes\vendor\tracy\tracy\src\Tracy\Bar\Bar.php:88  @  http://localhost:8000/vendre  @@  exception--2026-02-17--13-02--3db9d58c7f.html
[2026-02-17 14-00-36] LogicException: Tracy cannot display the Bar because the Content-Length header is being sent in C:\xampp\htdocs\suivi_des_collectes\vendor\tracy\tracy\src\Tracy\Bar\Bar.php:88  @  http://localhost:8000/vendre  @@  exception--2026-02-17--13-02--3db9d58c7f.html
[2026-02-17 14-08-47] LogicException: Tracy cannot display the Bar because the Content-Length header is being sent in C:\xampp\htdocs\suivi_des_collectes\vendor\tracy\tracy\src\Tracy\Bar\Bar.php:88  @  http://localhost:8000/vendre  @@  exception--2026-02-17--13-02--3db9d58c7f.html
[2026-02-17 14-09-44] LogicException: Tracy cannot display the Bar because the Content-Length header is being sent in C:\xampp\htdocs\suivi_des_collectes\vendor\tracy\tracy\src\Tracy\Bar\Bar.php:88  @  http://localhost:8000/vendre  @@  exception--2026-02-17--13-02--3db9d58c7f.html
[2026-02-17 14-09-49] LogicException: Tracy cannot display the Bar because the Content-Length header is being sent in C:\xampp\htdocs\suivi_des_collectes\vendor\tracy\tracy\src\Tracy\Bar\Bar.php:88  @  http://localhost:8000/reduction  @@  exception--2026-02-17--13-02--3db9d58c7f.html
[2026-02-17 14-10-28] LogicException: Tracy cannot display the Bar because the Content-Length header is being sent in C:\xampp\htdocs\suivi_des_collectes\vendor\tracy\tracy\src\Tracy\Bar\Bar.php:88  @  http://localhost:8000/reduction  @@  exception--2026-02-17--13-02--3db9d58c7f.html
[2026-02-17 14-10-28] LogicException: Tracy cannot display the Bar because the Content-Length header is being sent in C:\xampp\htdocs\suivi_des_collectes\vendor\tracy\tracy\src\Tracy\Bar\Bar.php:88  @  http://localhost:8000/reduction  @@  exception--2026-02-17--13-02--3db9d58c7f.html
[2026-02-17 14-12-35] LogicException: Tracy cannot display the Bar because the Content-Length header is being sent in C:\xampp\htdocs\suivi_des_collectes\vendor\tracy\tracy\src\Tracy\Bar\Bar.php:88  @  http://localhost:8000/vendre  @@  exception--2026-02-17--13-02--3db9d58c7f.html
[2026-02-17 14-12-36] LogicException: Tracy cannot display the Bar because the Content-Length header is being sent in C:\xampp\htdocs\suivi_des_collectes\vendor\tracy\tracy\src\Tracy\Bar\Bar.php:88  @  http://localhost:8000/reduction  @@  exception--2026-02-17--13-02--3db9d58c7f.html
[2026-02-17 14-16-10] LogicException: Tracy cannot display the Bar because the Content-Length header is being sent in C:\xampp\htdocs\suivi_des_collectes\vendor\tracy\tracy\src\Tracy\Bar\Bar.php:88  @  http://localhost:8000/vendre  @@  exception--2026-02-17--13-02--3db9d58c7f.html
[2026-02-17 14-16-12] LogicException: Tracy cannot display the Bar because the Content-Length header is being sent in C:\xampp\htdocs\suivi_des_collectes\vendor\tracy\tracy\src\Tracy\Bar\Bar.php:88  @  http://localhost:8000/vendre  @@  exception--2026-02-17--13-02--3db9d58c7f.html
[2026-02-17 14-16-13] LogicException: Tracy cannot display the Bar because the Content-Length header is being sent in C:\xampp\htdocs\suivi_des_collectes\vendor\tracy\tracy\src\Tracy\Bar\Bar.php:88  @  http://localhost:8000/vendre  @@  exception--2026-02-17--13-02--3db9d58c7f.html
[2026-02-17 14-16-15] LogicException: Tracy cannot display the Bar because the Content-Length header is being sent in C:\xampp\htdocs\suivi_des_collectes\vendor\tracy\tracy\src\Tracy\Bar\Bar.php:88  @  http://localhost:8000/reduction  @@  exception--2026-02-17--13-02--3db9d58c7f.html
[2026-02-17 14-16-31] LogicException: Tracy cannot display the Bar because the Content-Length header is being sent in C:\xampp\htdocs\suivi_des_collectes\vendor\tracy\tracy\src\Tracy\Bar\Bar.php:88  @  http://localhost:8000/vendre  @@  exception--2026-02-17--13-02--3db9d58c7f.html
[2026-02-17 14-17-45] LogicException: Tracy cannot display the Bar because the Content-Length header is being sent in C:\xampp\htdocs\suivi_des_collectes\vendor\tracy\tracy\src\Tracy\Bar\Bar.php:88  @  http://localhost:8000/reduction  @@  exception--2026-02-17--13-02--3db9d58c7f.html
[2026-02-17 14-24-56] LogicException: Tracy cannot display the Bar because the Content-Length header is being sent in C:\xampp\htdocs\suivi_des_collectes\vendor\tracy\tracy\src\Tracy\Bar\Bar.php:88  @  http://localhost:8000/reduction  @@  exception--2026-02-17--13-02--3db9d58c7f.html
[2026-02-17 14-25-05] LogicException: Tracy cannot display the Bar because the Content-Length header is being sent in C:\xampp\htdocs\suivi_des_collectes\vendor\tracy\tracy\src\Tracy\Bar\Bar.php:88  @  http://localhost:8000/vendre  @@  exception--2026-02-17--13-02--3db9d58c7f.html
